<?xml version="1.0" encoding="UTF-8"?>
<!-- Generated by org.testng.reporters.JUnitReportReporter -->
<testsuite hostname="Fiji-Lenovo" failures="0" tests="1" name="testclasses.ManageFooterTestM" time="8.875" errors="0" timestamp="2025-06-03T09:31:29 EDT" skipped="0">
  <testcase classname="testclasses.ManageFooterTestM" name="manageFooter" time="8.875"/>
</testsuite> <!-- testclasses.ManageFooterTestM -->
