<?xml version="1.0" encoding="UTF-8"?>
<!-- Generated by org.testng.reporters.JUnitReportReporter -->
<testsuite hostname="Fiji-Lenovo" failures="0" tests="1" name="testclasses.LogintestM" time="6.073" errors="0" timestamp="2025-05-26T10:20:08 EDT" skipped="0">
  <testcase classname="testclasses.LogintestM" name="verifyLoginUserpasswdtest4" time="6.073"/>
</testsuite> <!-- testclasses.LogintestM -->
