<?xml version="1.0" encoding="UTF-8"?>
<!-- Generated by org.testng.reporters.JUnitReportReporter -->
<testsuite hostname="Fiji-Lenovo" failures="0" tests="1" name="testclasses.AdminUsersTestM" time="10.600" errors="0" timestamp="2025-06-11T11:27:17 EDT" skipped="0">
  <testcase classname="testclasses.AdminUsersTestM" name="verifyAdminUsersTest" time="10.600"/>
</testsuite> <!-- testclasses.AdminUsersTestM -->
