<?xml version="1.0" encoding="UTF-8"?>
<!-- Generated by org.testng.reporters.JUnitReportReporter -->
<testsuite hostname="Fiji-Lenovo" failures="0" tests="1" name="testclasses.SearchListCategoryTestM" time="11.342" errors="0" timestamp="2025-06-11T11:09:16 EDT" skipped="0">
  <testcase classname="testclasses.SearchListCategoryTestM" name="searchListCategory" time="11.342"/>
</testsuite> <!-- testclasses.SearchListCategoryTestM -->
