<?xml version="1.0" encoding="UTF-8"?>
<!-- Generated by org.testng.reporters.JUnitReportReporter -->
<testsuite hostname="Fiji-Lenovo" failures="0" tests="1" name="testclasses.ManagePrdt12TestM" time="9.955" errors="0" timestamp="2025-06-03T08:57:59 EDT" skipped="0">
  <testcase classname="testclasses.ManagePrdt12TestM" name="manageprdt12" time="9.955"/>
</testsuite> <!-- testclasses.ManagePrdt12TestM -->
