<?xml version="1.0" encoding="UTF-8"?>
<!-- Generated by org.testng.reporters.JUnitReportReporter -->
<testsuite hostname="Fiji-Lenovo" failures="0" tests="1" name="testclasses.LogintestM" time="8.195" errors="0" timestamp="2025-06-04T10:44:54 EDT" skipped="0">
  <testcase classname="testclasses.LogintestM" name="verifyLoginUserpasswdtest1" time="8.195"/>
</testsuite> <!-- testclasses.LogintestM -->
