<?xml version="1.0" encoding="UTF-8"?>
<!-- Generated by org.testng.reporters.JUnitReportReporter -->
<testsuite hostname="Fiji-Lenovo" failures="0" tests="1" name="testclasses.LogoutTestM" time="6.872" errors="0" timestamp="2025-05-26T11:08:38 EDT" skipped="0">
  <testcase classname="testclasses.LogoutTestM" name="ClickOnAdmin" time="6.872"/>
</testsuite> <!-- testclasses.LogoutTestM -->
