<?xml version="1.0" encoding="UTF-8"?>
<!-- Generated by org.testng.reporters.JUnitReportReporter -->
<testsuite hostname="Fiji-Lenovo" failures="0" tests="1" name="testclasses.HomePageTestM" time="6.885" errors="0" timestamp="2025-06-10T10:35:31 EDT" skipped="0">
  <testcase classname="testclasses.HomePageTestM" name="ClickOnAdmin" time="6.885"/>
</testsuite> <!-- testclasses.HomePageTestM -->
