<?xml version="1.0" encoding="UTF-8"?>
<!-- Generated by org.testng.reporters.JUnitReportReporter -->
<testsuite hostname="Fiji-Lenovo" failures="0" tests="1" name="testclasses.SearchAdminUsersTestM" time="10.151" errors="0" timestamp="2025-06-10T17:07:29 EDT" skipped="0">
  <testcase classname="testclasses.SearchAdminUsersTestM" name="searchAdminUSers" time="10.151"/>
</testsuite> <!-- testclasses.SearchAdminUsersTestM -->
