<?xml version="1.0" encoding="UTF-8"?>
<!-- Generated by org.testng.reporters.JUnitReportReporter -->
<testsuite hostname="Fiji-Lenovo" failures="0" tests="1" name="testclasses.AdminUsersTestM" time="7.912" errors="0" timestamp="2025-05-26T16:09:40 EDT" skipped="0">
  <testcase classname="testclasses.AdminUsersTestM" name="adminUsersTest" time="7.912"/>
</testsuite> <!-- testclasses.AdminUsersTestM -->
