<?xml version="1.0" encoding="UTF-8"?>
<!-- Generated by org.testng.reporters.JUnitReportReporter -->
<testsuite hostname="Fiji-Lenovo" failures="0" tests="1" name="testclasses.SearchListCategoryTestM" time="12.438" errors="0" timestamp="2025-06-10T16:48:15 EDT" skipped="0">
  <testcase classname="testclasses.SearchListCategoryTestM" name="searchListCategory" time="12.438"/>
</testsuite> <!-- testclasses.SearchListCategoryTestM -->
