<?xml version="1.0" encoding="UTF-8"?>
<!-- Generated by org.testng.reporters.JUnitReportReporter -->
<testsuite hostname="Fiji-Lenovo" failures="0" tests="1" name="testclasses.HomePageTestM" time="8.511" errors="0" timestamp="2025-06-13T10:26:50 EDT" skipped="0">
  <testcase classname="testclasses.HomePageTestM" name="verifyHomePage" time="8.511"/>
</testsuite> <!-- testclasses.HomePageTestM -->
